<?xml version="1.0" encoding="UTF-8"?>
<!-- Generated by org.testng.reporters.JUnitXMLReporter -->
<testsuite hostname="DESKTOP-DLV91LG" name="Default test" tests="4" failures="0" timestamp="13 Aug 2020 01:40:27 GMT" time="0.057" errors="0">
  <testcase name="testcalcAutomorphicNumbers" time="0.017" classname="automorphiccount.TestAutomorphicNumber"/>
  <testcase name="testcalcAutomorphicNumbers" time="0.001" classname="automorphiccount.TestAutomorphicNumber"/>
  <testcase name="testconvertHexadecimalToDecimalism" time="0.002" classname="automorphiccount.TestAutomorphicNumber"/>
  <testcase name="testconvertHexadecimalToDecimalism" time="0.001" classname="automorphiccount.TestAutomorphicNumber"/>
</testsuite> <!-- Default test -->
