<?xml version="1.0" encoding="UTF-8"?>
<testng-results skipped="0" failed="0" total="4" passed="4">
  <reporter-output>
  </reporter-output>
  <suite name="Default suite" duration-ms="57" started-at="2020-08-13T01:40:27Z" finished-at="2020-08-13T01:40:27Z">
    <groups>
    </groups>
    <test name="Default test" duration-ms="57" started-at="2020-08-13T01:40:27Z" finished-at="2020-08-13T01:40:27Z">
      <class name="automorphiccount.TestAutomorphicNumber">
        <test-method status="PASS" signature="testcalcAutomorphicNumbers(int, int)[pri:0, instance:automorphiccount.TestAutomorphicNumber@1b68b9a4]" name="testcalcAutomorphicNumbers" duration-ms="17" started-at="2020-08-13T09:40:27Z" data-provider="provideNumbers" finished-at="2020-08-13T09:40:27Z">
          <params>
            <param index="0">
              <value>
                <![CDATA[2000]]>
              </value>
            </param>
            <param index="1">
              <value>
                <![CDATA[8]]>
              </value>
            </param>
          </params>
          <reporter-output>
          </reporter-output>
        </test-method> <!-- testcalcAutomorphicNumbers -->
        <test-method status="PASS" signature="testcalcAutomorphicNumbers(int, int)[pri:0, instance:automorphiccount.TestAutomorphicNumber@1b68b9a4]" name="testcalcAutomorphicNumbers" duration-ms="1" started-at="2020-08-13T09:40:27Z" data-provider="provideNumbers" finished-at="2020-08-13T09:40:27Z">
          <params>
            <param index="0">
              <value>
                <![CDATA[500]]>
              </value>
            </param>
            <param index="1">
              <value>
                <![CDATA[7]]>
              </value>
            </param>
          </params>
          <reporter-output>
          </reporter-output>
        </test-method> <!-- testcalcAutomorphicNumbers -->
        <test-method status="PASS" signature="testconvertHexadecimalToDecimalism(java.lang.String, long)[pri:0, instance:automorphiccount.TestAutomorphicNumber@1b68b9a4]" name="testconvertHexadecimalToDecimalism" duration-ms="2" started-at="2020-08-13T09:40:27Z" data-provider="provideHexadecimal" finished-at="2020-08-13T09:40:27Z">
          <params>
            <param index="0">
              <value>
                <![CDATA[0xA]]>
              </value>
            </param>
            <param index="1">
              <value>
                <![CDATA[10]]>
              </value>
            </param>
          </params>
          <reporter-output>
          </reporter-output>
        </test-method> <!-- testconvertHexadecimalToDecimalism -->
        <test-method status="PASS" signature="testconvertHexadecimalToDecimalism(java.lang.String, long)[pri:0, instance:automorphiccount.TestAutomorphicNumber@1b68b9a4]" name="testconvertHexadecimalToDecimalism" duration-ms="1" started-at="2020-08-13T09:40:27Z" data-provider="provideHexadecimal" finished-at="2020-08-13T09:40:27Z">
          <params>
            <param index="0">
              <value>
                <![CDATA[0xAB]]>
              </value>
            </param>
            <param index="1">
              <value>
                <![CDATA[171]]>
              </value>
            </param>
          </params>
          <reporter-output>
          </reporter-output>
        </test-method> <!-- testconvertHexadecimalToDecimalism -->
      </class> <!-- automorphiccount.TestAutomorphicNumber -->
    </test> <!-- Default test -->
  </suite> <!-- Default suite -->
</testng-results>
