<?xml version="1.0" encoding="UTF-8"?>
<!-- Generated by org.testng.reporters.JUnitXMLReporter -->
<testsuite hostname="DESKTOP-DLV91LG" name="case1" tests="3" failures="0" timestamp="12 Aug 2020 07:49:07 GMT" time="0.036" errors="0">
  <testcase name="f" time="0.004" classname="com.yiibai.TestConfiguration"/>
  <testcase name="runOtherTest1" time="0.004" classname="com.yiibai.TestDBConnection"/>
  <testcase name="runOtherTest2" time="0.0" classname="com.yiibai.TestDBConnection"/>
</testsuite> <!-- case1 -->
